<?xml version="1.0" encoding="UTF-8"?>
<testsuite xmlns:xsi="http://www.w3.org/2001/XMLSchema-instance" xsi:noNamespaceSchemaLocation="https://maven.apache.org/surefire/maven-surefire-plugin/xsd/surefire-test-report-3.0.xsd" version="3.0" name="JuegoTest" time="0.035" tests="3" errors="0" skipped="0" failures="0">
  <properties>
    <property name="sun.desktop" value="gnome"/>
    <property name="awt.toolkit" value="sun.awt.X11.XToolkit"/>
    <property name="file.encoding.pkg" value="sun.io"/>
    <property name="java.specification.version" value="1.8"/>
    <property name="sun.cpu.isalist" value=""/>
    <property name="sun.jnu.encoding" value="UTF-8"/>
    <property name="java.class.path" value="/home/cristian/Documents/tres_en_linea/Tres-en-linea/target/test-classes:/home/cristian/Documents/tres_en_linea/Tres-en-linea/target/classes:/home/cristian/.m2/repository/org/junit/jupiter/junit-jupiter-engine/5.5.2/junit-jupiter-engine-5.5.2.jar:/home/cristian/.m2/repository/org/apiguardian/apiguardian-api/1.1.0/apiguardian-api-1.1.0.jar:/home/cristian/.m2/repository/org/junit/platform/junit-platform-engine/1.5.2/junit-platform-engine-1.5.2.jar:/home/cristian/.m2/repository/org/opentest4j/opentest4j/1.2.0/opentest4j-1.2.0.jar:/home/cristian/.m2/repository/org/junit/platform/junit-platform-commons/1.5.2/junit-platform-commons-1.5.2.jar:/home/cristian/.m2/repository/org/junit/jupiter/junit-jupiter-api/5.5.2/junit-jupiter-api-5.5.2.jar:/home/cristian/.m2/repository/org/junit/jupiter/junit-jupiter-params/5.5.2/junit-jupiter-params-5.5.2.jar:"/>
    <property name="java.vm.vendor" value="Temurin"/>
    <property name="sun.arch.data.model" value="64"/>
    <property name="java.vendor.url" value="https://adoptium.net/"/>
    <property name="user.timezone" value=""/>
    <property name="java.vm.specification.version" value="1.8"/>
    <property name="os.name" value="Linux"/>
    <property name="user.country" value="US"/>
    <property name="sun.java.launcher" value="SUN_STANDARD"/>
    <property name="sun.boot.library.path" value="/home/cristian/.jdks/temurin-1.8.0_412/jre/lib/amd64"/>
    <property name="sun.java.command" value="/home/cristian/Documents/tres_en_linea/Tres-en-linea/target/surefire/surefirebooter-20240506125603000_3.jar /home/cristian/Documents/tres_en_linea/Tres-en-linea/target/surefire 2024-05-06T12-56-01_907-jvmRun1 surefire-20240506125603000_1tmp surefire_0-20240506125603000_2tmp"/>
    <property name="surefire.test.class.path" value="/home/cristian/Documents/tres_en_linea/Tres-en-linea/target/test-classes:/home/cristian/Documents/tres_en_linea/Tres-en-linea/target/classes:/home/cristian/.m2/repository/org/junit/jupiter/junit-jupiter-engine/5.5.2/junit-jupiter-engine-5.5.2.jar:/home/cristian/.m2/repository/org/apiguardian/apiguardian-api/1.1.0/apiguardian-api-1.1.0.jar:/home/cristian/.m2/repository/org/junit/platform/junit-platform-engine/1.5.2/junit-platform-engine-1.5.2.jar:/home/cristian/.m2/repository/org/opentest4j/opentest4j/1.2.0/opentest4j-1.2.0.jar:/home/cristian/.m2/repository/org/junit/platform/junit-platform-commons/1.5.2/junit-platform-commons-1.5.2.jar:/home/cristian/.m2/repository/org/junit/jupiter/junit-jupiter-api/5.5.2/junit-jupiter-api-5.5.2.jar:/home/cristian/.m2/repository/org/junit/jupiter/junit-jupiter-params/5.5.2/junit-jupiter-params-5.5.2.jar:"/>
    <property name="sun.cpu.endian" value="little"/>
    <property name="user.home" value="/home/cristian"/>
    <property name="user.language" value="en"/>
    <property name="java.specification.vendor" value="Oracle Corporation"/>
    <property name="java.home" value="/home/cristian/.jdks/temurin-1.8.0_412/jre"/>
    <property name="basedir" value="/home/cristian/Documents/tres_en_linea/Tres-en-linea"/>
    <property name="file.separator" value="/"/>
    <property name="line.separator" value="&#10;"/>
    <property name="java.vm.specification.vendor" value="Oracle Corporation"/>
    <property name="java.specification.name" value="Java Platform API Specification"/>
    <property name="java.awt.graphicsenv" value="sun.awt.X11GraphicsEnvironment"/>
    <property name="surefire.real.class.path" value="/home/cristian/Documents/tres_en_linea/Tres-en-linea/target/surefire/surefirebooter-20240506125603000_3.jar"/>
    <property name="sun.boot.class.path" value="/home/cristian/.jdks/temurin-1.8.0_412/jre/lib/resources.jar:/home/cristian/.jdks/temurin-1.8.0_412/jre/lib/rt.jar:/home/cristian/.jdks/temurin-1.8.0_412/jre/lib/sunrsasign.jar:/home/cristian/.jdks/temurin-1.8.0_412/jre/lib/jsse.jar:/home/cristian/.jdks/temurin-1.8.0_412/jre/lib/jce.jar:/home/cristian/.jdks/temurin-1.8.0_412/jre/lib/charsets.jar:/home/cristian/.jdks/temurin-1.8.0_412/jre/lib/jfr.jar:/home/cristian/.jdks/temurin-1.8.0_412/jre/classes"/>
    <property name="sun.management.compiler" value="HotSpot 64-Bit Tiered Compilers"/>
    <property name="java.runtime.version" value="1.8.0_412-b08"/>
    <property name="user.name" value="cristian"/>
    <property name="path.separator" value=":"/>
    <property name="os.version" value="6.5.0-1020-oem"/>
    <property name="java.endorsed.dirs" value="/home/cristian/.jdks/temurin-1.8.0_412/jre/lib/endorsed"/>
    <property name="java.runtime.name" value="OpenJDK Runtime Environment"/>
    <property name="file.encoding" value="UTF-8"/>
    <property name="java.vm.name" value="OpenJDK 64-Bit Server VM"/>
    <property name="localRepository" value="/home/cristian/.m2/repository"/>
    <property name="java.vendor.url.bug" value="https://github.com/adoptium/adoptium-support/issues"/>
    <property name="java.io.tmpdir" value="/tmp"/>
    <property name="idea.version" value="2024.1"/>
    <property name="java.version" value="1.8.0_412"/>
    <property name="user.dir" value="/home/cristian/Documents/tres_en_linea/Tres-en-linea"/>
    <property name="os.arch" value="amd64"/>
    <property name="java.vm.specification.name" value="Java Virtual Machine Specification"/>
    <property name="java.awt.printerjob" value="sun.print.PSPrinterJob"/>
    <property name="sun.os.patch.level" value="unknown"/>
    <property name="java.library.path" value="/usr/java/packages/lib/amd64:/usr/lib64:/lib64:/lib:/usr/lib"/>
    <property name="java.vm.info" value="mixed mode"/>
    <property name="java.vendor" value="Temurin"/>
    <property name="java.vm.version" value="25.412-b08"/>
    <property name="java.specification.maintenance.version" value="5"/>
    <property name="java.ext.dirs" value="/home/cristian/.jdks/temurin-1.8.0_412/jre/lib/ext:/usr/java/packages/lib/ext"/>
    <property name="sun.io.unicode.encoding" value="UnicodeLittle"/>
    <property name="java.class.version" value="52.0"/>
  </properties>
  <testcase name="nuevaPartida" classname="JuegoTest" time="0.018"/>
  <testcase name="jugar" classname="JuegoTest" time="0.001"/>
  <testcase name="jugadaGanadora" classname="JuegoTest" time="0.001"/>
</testsuite>